<?xml version="1.0" encoding="UTF-8"?>
<testsuite xmlns:xsi="http://www.w3.org/2001/XMLSchema-instance" xsi:noNamespaceSchemaLocation="https://maven.apache.org/surefire/maven-surefire-plugin/xsd/surefire-test-report-3.0.xsd" version="3.0" name="org.springframework.cloud.contract.verifier.tests.ContractVerifierTest" time="9.356" tests="3" errors="0" skipped="0" failures="0">
  <properties>
    <property name="java.specification.version" value="17"/>
    <property name="sun.jnu.encoding" value="UTF-8"/>
    <property name="java.class.path" value="/Users/rediana/Project/petclinic-microservice/medicine-microservice/target/test-classes:/Users/rediana/Project/petclinic-microservice/medicine-microservice/target/classes:/Users/rediana/.m2/repository/org/springframework/boot/spring-boot-starter/3.2.0/spring-boot-starter-3.2.0.jar:/Users/rediana/.m2/repository/org/springframework/boot/spring-boot/3.2.0/spring-boot-3.2.0.jar:/Users/rediana/.m2/repository/org/springframework/spring-context/6.1.1/spring-context-6.1.1.jar:/Users/rediana/.m2/repository/org/springframework/boot/spring-boot-autoconfigure/3.2.0/spring-boot-autoconfigure-3.2.0.jar:/Users/rediana/.m2/repository/org/springframework/boot/spring-boot-starter-logging/3.2.0/spring-boot-starter-logging-3.2.0.jar:/Users/rediana/.m2/repository/ch/qos/logback/logback-classic/1.4.11/logback-classic-1.4.11.jar:/Users/rediana/.m2/repository/ch/qos/logback/logback-core/1.4.11/logback-core-1.4.11.jar:/Users/rediana/.m2/repository/org/apache/logging/log4j/log4j-to-slf4j/2.21.1/log4j-to-slf4j-2.21.1.jar:/Users/rediana/.m2/repository/org/apache/logging/log4j/log4j-api/2.21.1/log4j-api-2.21.1.jar:/Users/rediana/.m2/repository/org/slf4j/jul-to-slf4j/2.0.9/jul-to-slf4j-2.0.9.jar:/Users/rediana/.m2/repository/jakarta/annotation/jakarta.annotation-api/2.1.1/jakarta.annotation-api-2.1.1.jar:/Users/rediana/.m2/repository/org/springframework/spring-core/6.1.1/spring-core-6.1.1.jar:/Users/rediana/.m2/repository/org/springframework/spring-jcl/6.1.1/spring-jcl-6.1.1.jar:/Users/rediana/.m2/repository/org/yaml/snakeyaml/2.2/snakeyaml-2.2.jar:/Users/rediana/.m2/repository/org/springframework/boot/spring-boot-starter-data-jpa/3.2.0/spring-boot-starter-data-jpa-3.2.0.jar:/Users/rediana/.m2/repository/org/springframework/boot/spring-boot-starter-aop/3.2.0/spring-boot-starter-aop-3.2.0.jar:/Users/rediana/.m2/repository/org/springframework/spring-aop/6.1.1/spring-aop-6.1.1.jar:/Users/rediana/.m2/repository/org/aspectj/aspectjweaver/1.9.20.1/aspectjweaver-1.9.20.1.jar:/Users/rediana/.m2/repository/org/springframework/boot/spring-boot-starter-jdbc/3.2.0/spring-boot-starter-jdbc-3.2.0.jar:/Users/rediana/.m2/repository/com/zaxxer/HikariCP/5.0.1/HikariCP-5.0.1.jar:/Users/rediana/.m2/repository/org/springframework/spring-jdbc/6.1.1/spring-jdbc-6.1.1.jar:/Users/rediana/.m2/repository/org/hibernate/orm/hibernate-core/6.3.1.Final/hibernate-core-6.3.1.Final.jar:/Users/rediana/.m2/repository/jakarta/persistence/jakarta.persistence-api/3.1.0/jakarta.persistence-api-3.1.0.jar:/Users/rediana/.m2/repository/jakarta/transaction/jakarta.transaction-api/2.0.1/jakarta.transaction-api-2.0.1.jar:/Users/rediana/.m2/repository/org/jboss/logging/jboss-logging/3.5.3.Final/jboss-logging-3.5.3.Final.jar:/Users/rediana/.m2/repository/org/hibernate/common/hibernate-commons-annotations/6.0.6.Final/hibernate-commons-annotations-6.0.6.Final.jar:/Users/rediana/.m2/repository/io/smallrye/jandex/3.1.2/jandex-3.1.2.jar:/Users/rediana/.m2/repository/com/fasterxml/classmate/1.6.0/classmate-1.6.0.jar:/Users/rediana/.m2/repository/org/glassfish/jaxb/jaxb-runtime/4.0.4/jaxb-runtime-4.0.4.jar:/Users/rediana/.m2/repository/org/glassfish/jaxb/jaxb-core/4.0.4/jaxb-core-4.0.4.jar:/Users/rediana/.m2/repository/org/eclipse/angus/angus-activation/2.0.1/angus-activation-2.0.1.jar:/Users/rediana/.m2/repository/org/glassfish/jaxb/txw2/4.0.4/txw2-4.0.4.jar:/Users/rediana/.m2/repository/com/sun/istack/istack-commons-runtime/4.1.2/istack-commons-runtime-4.1.2.jar:/Users/rediana/.m2/repository/jakarta/inject/jakarta.inject-api/2.0.1/jakarta.inject-api-2.0.1.jar:/Users/rediana/.m2/repository/org/antlr/antlr4-runtime/4.10.1/antlr4-runtime-4.10.1.jar:/Users/rediana/.m2/repository/org/springframework/data/spring-data-jpa/3.2.0/spring-data-jpa-3.2.0.jar:/Users/rediana/.m2/repository/org/springframework/data/spring-data-commons/3.2.0/spring-data-commons-3.2.0.jar:/Users/rediana/.m2/repository/org/springframework/spring-orm/6.1.1/spring-orm-6.1.1.jar:/Users/rediana/.m2/repository/org/springframework/spring-tx/6.1.1/spring-tx-6.1.1.jar:/Users/rediana/.m2/repository/org/springframework/spring-beans/6.1.1/spring-beans-6.1.1.jar:/Users/rediana/.m2/repository/org/slf4j/slf4j-api/2.0.9/slf4j-api-2.0.9.jar:/Users/rediana/.m2/repository/org/springframework/spring-aspects/6.1.1/spring-aspects-6.1.1.jar:/Users/rediana/.m2/repository/org/springframework/boot/spring-boot-starter-web/3.2.0/spring-boot-starter-web-3.2.0.jar:/Users/rediana/.m2/repository/org/springframework/boot/spring-boot-starter-json/3.2.0/spring-boot-starter-json-3.2.0.jar:/Users/rediana/.m2/repository/com/fasterxml/jackson/datatype/jackson-datatype-jdk8/2.15.3/jackson-datatype-jdk8-2.15.3.jar:/Users/rediana/.m2/repository/com/fasterxml/jackson/datatype/jackson-datatype-jsr310/2.15.3/jackson-datatype-jsr310-2.15.3.jar:/Users/rediana/.m2/repository/com/fasterxml/jackson/module/jackson-module-parameter-names/2.15.3/jackson-module-parameter-names-2.15.3.jar:/Users/rediana/.m2/repository/org/springframework/boot/spring-boot-starter-tomcat/3.2.0/spring-boot-starter-tomcat-3.2.0.jar:/Users/rediana/.m2/repository/org/apache/tomcat/embed/tomcat-embed-core/10.1.16/tomcat-embed-core-10.1.16.jar:/Users/rediana/.m2/repository/org/apache/tomcat/embed/tomcat-embed-websocket/10.1.16/tomcat-embed-websocket-10.1.16.jar:/Users/rediana/.m2/repository/org/springframework/spring-web/6.1.1/spring-web-6.1.1.jar:/Users/rediana/.m2/repository/io/micrometer/micrometer-observation/1.12.0/micrometer-observation-1.12.0.jar:/Users/rediana/.m2/repository/io/micrometer/micrometer-commons/1.12.0/micrometer-commons-1.12.0.jar:/Users/rediana/.m2/repository/org/springframework/spring-webmvc/6.1.1/spring-webmvc-6.1.1.jar:/Users/rediana/.m2/repository/org/springframework/spring-expression/6.1.1/spring-expression-6.1.1.jar:/Users/rediana/.m2/repository/org/springframework/boot/spring-boot-starter-validation/3.2.0/spring-boot-starter-validation-3.2.0.jar:/Users/rediana/.m2/repository/org/apache/tomcat/embed/tomcat-embed-el/10.1.16/tomcat-embed-el-10.1.16.jar:/Users/rediana/.m2/repository/org/hibernate/validator/hibernate-validator/8.0.1.Final/hibernate-validator-8.0.1.Final.jar:/Users/rediana/.m2/repository/jakarta/validation/jakarta.validation-api/3.0.2/jakarta.validation-api-3.0.2.jar:/Users/rediana/.m2/repository/org/postgresql/postgresql/42.6.0/postgresql-42.6.0.jar:/Users/rediana/.m2/repository/org/checkerframework/checker-qual/3.31.0/checker-qual-3.31.0.jar:/Users/rediana/.m2/repository/org/projectlombok/lombok/1.18.30/lombok-1.18.30.jar:/Users/rediana/.m2/repository/org/springframework/cloud/spring-cloud-contract-verifier/4.1.1/spring-cloud-contract-verifier-4.1.1.jar:/Users/rediana/.m2/repository/org/springframework/cloud/spring-cloud-contract-spec/4.1.1/spring-cloud-contract-spec-4.1.1.jar:/Users/rediana/.m2/repository/org/springframework/cloud/spring-cloud-contract-spec-java/4.1.1/spring-cloud-contract-spec-java-4.1.1.jar:/Users/rediana/.m2/repository/dk/brics/automaton/1.12-4/automaton-1.12-4.jar:/Users/rediana/.m2/repository/org/springframework/cloud/spring-cloud-contract-spec-groovy/4.1.1/spring-cloud-contract-spec-groovy-4.1.1.jar:/Users/rediana/.m2/repository/org/springframework/cloud/spring-cloud-contract-shade/4.1.1/spring-cloud-contract-shade-4.1.1.jar:/Users/rediana/.m2/repository/org/springframework/boot/spring-boot-test-autoconfigure/3.2.0/spring-boot-test-autoconfigure-3.2.0.jar:/Users/rediana/.m2/repository/com/fasterxml/jackson/core/jackson-databind/2.15.3/jackson-databind-2.15.3.jar:/Users/rediana/.m2/repository/com/fasterxml/jackson/core/jackson-annotations/2.15.3/jackson-annotations-2.15.3.jar:/Users/rediana/.m2/repository/com/fasterxml/jackson/core/jackson-core/2.15.3/jackson-core-2.15.3.jar:/Users/rediana/.m2/repository/org/apache/commons/commons-text/1.11.0/commons-text-1.11.0.jar:/Users/rediana/.m2/repository/org/apache/commons/commons-lang3/3.13.0/commons-lang3-3.13.0.jar:/Users/rediana/.m2/repository/javax/inject/javax.inject/1/javax.inject-1.jar:/Users/rediana/.m2/repository/com/github/tomakehurst/wiremock-jre8-standalone/2.35.1/wiremock-jre8-standalone-2.35.1.jar:/Users/rediana/.m2/repository/com/toomuchcoding/jsonassert/jsonassert/0.8.0/jsonassert-0.8.0.jar:/Users/rediana/.m2/repository/org/apache/maven/resolver/maven-resolver-api/1.9.18/maven-resolver-api-1.9.18.jar:/Users/rediana/.m2/repository/com/rackspace/eclipse/webtools/sourceediting/org.eclipse.wst.xml.xpath2.processor/2.1.100/org.eclipse.wst.xml.xpath2.processor-2.1.100.jar:/Users/rediana/.m2/repository/edu/princeton/cup/java-cup/10k/java-cup-10k.jar:/Users/rediana/.m2/repository/com/ibm/icu/icu4j/4.6/icu4j-4.6.jar:/Users/rediana/.m2/repository/org/apache/groovy/groovy/4.0.15/groovy-4.0.15.jar:/Users/rediana/.m2/repository/org/apache/groovy/groovy-nio/4.0.15/groovy-nio-4.0.15.jar:/Users/rediana/.m2/repository/org/apache/groovy/groovy-json/4.0.15/groovy-json-4.0.15.jar:/Users/rediana/.m2/repository/org/apache/groovy/groovy-xml/4.0.15/groovy-xml-4.0.15.jar:/Users/rediana/.m2/repository/org/skyscreamer/jsonassert/1.5.1/jsonassert-1.5.1.jar:/Users/rediana/.m2/repository/com/vaadin/external/google/android-json/0.0.20131108.vaadin1/android-json-0.0.20131108.vaadin1.jar:/Users/rediana/.m2/repository/com/github/jknack/handlebars/4.3.1/handlebars-4.3.1.jar:/Users/rediana/.m2/repository/commons-beanutils/commons-beanutils/1.9.4/commons-beanutils-1.9.4.jar:/Users/rediana/.m2/repository/commons-logging/commons-logging/1.2/commons-logging-1.2.jar:/Users/rediana/.m2/repository/commons-collections/commons-collections/3.2.2/commons-collections-3.2.2.jar:/Users/rediana/.m2/repository/com/fasterxml/jackson/dataformat/jackson-dataformat-yaml/2.15.3/jackson-dataformat-yaml-2.15.3.jar:/Users/rediana/.m2/repository/org/mockito/mockito-core/5.7.0/mockito-core-5.7.0.jar:/Users/rediana/.m2/repository/net/bytebuddy/byte-buddy-agent/1.14.10/byte-buddy-agent-1.14.10.jar:/Users/rediana/.m2/repository/org/objenesis/objenesis/3.3/objenesis-3.3.jar:/Users/rediana/.m2/repository/net/javacrumbs/json-unit/json-unit-assertj/2.38.0/json-unit-assertj-2.38.0.jar:/Users/rediana/.m2/repository/net/javacrumbs/json-unit/json-unit-core/2.38.0/json-unit-core-2.38.0.jar:/Users/rediana/.m2/repository/net/javacrumbs/json-unit/json-unit-json-path/2.38.0/json-unit-json-path-2.38.0.jar:/Users/rediana/.m2/repository/org/junit/jupiter/junit-jupiter-api/5.10.1/junit-jupiter-api-5.10.1.jar:/Users/rediana/.m2/repository/org/opentest4j/opentest4j/1.3.0/opentest4j-1.3.0.jar:/Users/rediana/.m2/repository/org/junit/platform/junit-platform-commons/1.10.1/junit-platform-commons-1.10.1.jar:/Users/rediana/.m2/repository/junit/junit/4.13.1/junit-4.13.1.jar:/Users/rediana/.m2/repository/org/hamcrest/hamcrest-core/2.2/hamcrest-core-2.2.jar:/Users/rediana/.m2/repository/org/assertj/assertj-core/3.24.2/assertj-core-3.24.2.jar:/Users/rediana/.m2/repository/net/bytebuddy/byte-buddy/1.14.10/byte-buddy-1.14.10.jar:/Users/rediana/.m2/repository/jakarta/xml/bind/jakarta.xml.bind-api/4.0.0/jakarta.xml.bind-api-4.0.0.jar:/Users/rediana/.m2/repository/jakarta/activation/jakarta.activation-api/2.1.2/jakarta.activation-api-2.1.2.jar:/Users/rediana/.m2/repository/io/rest-assured/spring-mock-mvc/5.3.2/spring-mock-mvc-5.3.2.jar:/Users/rediana/.m2/repository/io/rest-assured/rest-assured/5.3.2/rest-assured-5.3.2.jar:/Users/rediana/.m2/repository/org/apache/httpcomponents/httpclient/4.5.13/httpclient-4.5.13.jar:/Users/rediana/.m2/repository/org/apache/httpcomponents/httpcore/4.4.16/httpcore-4.4.16.jar:/Users/rediana/.m2/repository/commons-codec/commons-codec/1.16.0/commons-codec-1.16.0.jar:/Users/rediana/.m2/repository/org/apache/httpcomponents/httpmime/4.5.13/httpmime-4.5.13.jar:/Users/rediana/.m2/repository/org/ccil/cowan/tagsoup/tagsoup/1.2.1/tagsoup-1.2.1.jar:/Users/rediana/.m2/repository/io/rest-assured/json-path/5.3.2/json-path-5.3.2.jar:/Users/rediana/.m2/repository/io/rest-assured/rest-assured-common/5.3.2/rest-assured-common-5.3.2.jar:/Users/rediana/.m2/repository/io/rest-assured/xml-path/5.3.2/xml-path-5.3.2.jar:/Users/rediana/.m2/repository/io/rest-assured/spring-commons/5.3.2/spring-commons-5.3.2.jar:/Users/rediana/.m2/repository/org/springframework/spring-test/6.1.1/spring-test-6.1.1.jar:/Users/rediana/.m2/repository/org/springframework/boot/spring-boot-starter-test/3.2.0/spring-boot-starter-test-3.2.0.jar:/Users/rediana/.m2/repository/org/springframework/boot/spring-boot-test/3.2.0/spring-boot-test-3.2.0.jar:/Users/rediana/.m2/repository/com/jayway/jsonpath/json-path/2.8.0/json-path-2.8.0.jar:/Users/rediana/.m2/repository/net/minidev/json-smart/2.5.0/json-smart-2.5.0.jar:/Users/rediana/.m2/repository/net/minidev/accessors-smart/2.5.0/accessors-smart-2.5.0.jar:/Users/rediana/.m2/repository/org/ow2/asm/asm/9.3/asm-9.3.jar:/Users/rediana/.m2/repository/org/awaitility/awaitility/4.2.0/awaitility-4.2.0.jar:/Users/rediana/.m2/repository/org/hamcrest/hamcrest/2.2/hamcrest-2.2.jar:/Users/rediana/.m2/repository/org/junit/jupiter/junit-jupiter/5.10.1/junit-jupiter-5.10.1.jar:/Users/rediana/.m2/repository/org/junit/jupiter/junit-jupiter-params/5.10.1/junit-jupiter-params-5.10.1.jar:/Users/rediana/.m2/repository/org/mockito/mockito-junit-jupiter/5.7.0/mockito-junit-jupiter-5.7.0.jar:/Users/rediana/.m2/repository/org/xmlunit/xmlunit-core/2.9.1/xmlunit-core-2.9.1.jar:/Users/rediana/.m2/repository/org/junit/jupiter/junit-jupiter-engine/5.10.1/junit-jupiter-engine-5.10.1.jar:/Users/rediana/.m2/repository/org/junit/platform/junit-platform-engine/1.10.1/junit-platform-engine-1.10.1.jar:/Users/rediana/.m2/repository/org/apiguardian/apiguardian-api/1.1.2/apiguardian-api-1.1.2.jar:/Users/rediana/.m2/repository/org/springframework/cloud/spring-cloud-starter-contract-stub-runner/4.1.1/spring-cloud-starter-contract-stub-runner-4.1.1.jar:/Users/rediana/.m2/repository/org/springframework/cloud/spring-cloud-contract-stub-runner/4.1.1/spring-cloud-contract-stub-runner-4.1.1.jar:/Users/rediana/.m2/repository/org/springframework/cloud/spring-cloud-contract-converters/4.1.1/spring-cloud-contract-converters-4.1.1.jar:/Users/rediana/.m2/repository/org/eclipse/jgit/org.eclipse.jgit/6.7.0.202309050840-r/org.eclipse.jgit-6.7.0.202309050840-r.jar:/Users/rediana/.m2/repository/com/googlecode/javaewah/JavaEWAH/1.2.3/JavaEWAH-1.2.3.jar:/Users/rediana/.m2/repository/org/eclipse/jgit/org.eclipse.jgit.ssh.jsch/6.7.0.202309050840-r/org.eclipse.jgit.ssh.jsch-6.7.0.202309050840-r.jar:/Users/rediana/.m2/repository/com/jcraft/jsch/0.1.55/jsch-0.1.55.jar:/Users/rediana/.m2/repository/com/jcraft/jzlib/1.1.3/jzlib-1.1.3.jar:/Users/rediana/.m2/repository/com/jcraft/jsch.agentproxy.sshagent/0.0.9/jsch.agentproxy.sshagent-0.0.9.jar:/Users/rediana/.m2/repository/com/jcraft/jsch.agentproxy.core/0.0.9/jsch.agentproxy.core-0.0.9.jar:/Users/rediana/.m2/repository/com/jcraft/jsch.agentproxy.jsch/0.0.9/jsch.agentproxy.jsch-0.0.9.jar:/Users/rediana/.m2/repository/com/jcraft/jsch.agentproxy.usocket-jna/0.0.9/jsch.agentproxy.usocket-jna-0.0.9.jar:/Users/rediana/.m2/repository/net/java/dev/jna/jna/4.1.0/jna-4.1.0.jar:/Users/rediana/.m2/repository/net/java/dev/jna/jna-platform/4.1.0/jna-platform-4.1.0.jar:/Users/rediana/.m2/repository/org/springframework/cloud/spring-cloud-contract-wiremock/4.1.1/spring-cloud-contract-wiremock-4.1.1.jar:/Users/rediana/.m2/repository/org/apache/httpcomponents/client5/httpclient5/5.2.1/httpclient5-5.2.1.jar:/Users/rediana/.m2/repository/org/apache/httpcomponents/core5/httpcore5/5.2.3/httpcore5-5.2.3.jar:/Users/rediana/.m2/repository/org/apache/httpcomponents/core5/httpcore5-h2/5.2.3/httpcore5-h2-5.2.3.jar:/Users/rediana/.m2/repository/org/springframework/cloud/spring-cloud-test-support/4.1.0/spring-cloud-test-support-4.1.0.jar:/Users/rediana/.m2/repository/org/apache/maven/resolver/maven-resolver-connector-basic/1.9.16/maven-resolver-connector-basic-1.9.16.jar:/Users/rediana/.m2/repository/org/apache/maven/resolver/maven-resolver-spi/1.9.16/maven-resolver-spi-1.9.16.jar:/Users/rediana/.m2/repository/org/apache/maven/resolver/maven-resolver-util/1.9.16/maven-resolver-util-1.9.16.jar:/Users/rediana/.m2/repository/org/apache/maven/resolver/maven-resolver-impl/1.9.16/maven-resolver-impl-1.9.16.jar:/Users/rediana/.m2/repository/org/apache/maven/resolver/maven-resolver-named-locks/1.9.16/maven-resolver-named-locks-1.9.16.jar:/Users/rediana/.m2/repository/org/apache/maven/maven-resolver-provider/3.9.5/maven-resolver-provider-3.9.5.jar:/Users/rediana/.m2/repository/org/apache/maven/maven-model/3.9.5/maven-model-3.9.5.jar:/Users/rediana/.m2/repository/org/apache/maven/maven-model-builder/3.9.5/maven-model-builder-3.9.5.jar:/Users/rediana/.m2/repository/org/codehaus/plexus/plexus-interpolation/1.26/plexus-interpolation-1.26.jar:/Users/rediana/.m2/repository/org/apache/maven/maven-artifact/3.9.5/maven-artifact-3.9.5.jar:/Users/rediana/.m2/repository/org/apache/maven/maven-builder-support/3.9.5/maven-builder-support-3.9.5.jar:/Users/rediana/.m2/repository/org/apache/maven/maven-repository-metadata/3.9.5/maven-repository-metadata-3.9.5.jar:/Users/rediana/.m2/repository/org/apache/maven/resolver/maven-resolver-transport-http/1.9.16/maven-resolver-transport-http-1.9.16.jar:/Users/rediana/.m2/repository/org/sonatype/sisu/sisu-inject-plexus/2.6.0/sisu-inject-plexus-2.6.0.jar:/Users/rediana/.m2/repository/org/codehaus/plexus/plexus-component-annotations/1.5.5/plexus-component-annotations-1.5.5.jar:/Users/rediana/.m2/repository/org/codehaus/plexus/plexus-classworlds/2.5.2/plexus-classworlds-2.5.2.jar:/Users/rediana/.m2/repository/org/codehaus/plexus/plexus-utils/3.0.18/plexus-utils-3.0.18.jar:/Users/rediana/.m2/repository/org/sonatype/sisu/sisu-inject-bean/2.6.0/sisu-inject-bean-2.6.0.jar:/Users/rediana/.m2/repository/javax/enterprise/cdi-api/1.0/cdi-api-1.0.jar:/Users/rediana/.m2/repository/javax/annotation/jsr250-api/1.0/jsr250-api-1.0.jar:/Users/rediana/.m2/repository/org/sonatype/sisu/sisu-guice/3.2.5/sisu-guice-3.2.5-no_aop.jar:/Users/rediana/.m2/repository/com/google/guava/guava/16.0.1/guava-16.0.1.jar:/Users/rediana/.m2/repository/org/eclipse/sisu/org.eclipse.sisu.inject/0.3.0/org.eclipse.sisu.inject-0.3.0.jar:/Users/rediana/.m2/repository/org/eclipse/sisu/org.eclipse.sisu.plexus/0.3.0/org.eclipse.sisu.plexus-0.3.0.jar:"/>
    <property name="java.vm.vendor" value="Azul Systems, Inc."/>
    <property name="sun.arch.data.model" value="64"/>
    <property name="java.vendor.url" value="http://www.azul.com/"/>
    <property name="user.timezone" value="Asia/Taipei"/>
    <property name="org.jboss.logging.provider" value="slf4j"/>
    <property name="os.name" value="Mac OS X"/>
    <property name="java.vm.specification.version" value="17"/>
    <property name="sun.java.launcher" value="SUN_STANDARD"/>
    <property name="user.country" value="TW"/>
    <property name="sun.boot.library.path" value="/Users/rediana/Library/Java/JavaVirtualMachines/azul-17.0.10/Contents/Home/lib"/>
    <property name="sun.java.command" value="/Users/rediana/Project/petclinic-microservice/medicine-microservice/target/surefire/surefirebooter-20240409104415811_3.jar /Users/rediana/Project/petclinic-microservice/medicine-microservice/target/surefire 2024-04-09T10-44-15_766-jvmRun1 surefire-20240409104415811_1tmp surefire_0-20240409104415811_2tmp"/>
    <property name="http.nonProxyHosts" value="local|*.local|169.254/16|*.169.254/16"/>
    <property name="jdk.debug" value="release"/>
    <property name="surefire.test.class.path" value="/Users/rediana/Project/petclinic-microservice/medicine-microservice/target/test-classes:/Users/rediana/Project/petclinic-microservice/medicine-microservice/target/classes:/Users/rediana/.m2/repository/org/springframework/boot/spring-boot-starter/3.2.0/spring-boot-starter-3.2.0.jar:/Users/rediana/.m2/repository/org/springframework/boot/spring-boot/3.2.0/spring-boot-3.2.0.jar:/Users/rediana/.m2/repository/org/springframework/spring-context/6.1.1/spring-context-6.1.1.jar:/Users/rediana/.m2/repository/org/springframework/boot/spring-boot-autoconfigure/3.2.0/spring-boot-autoconfigure-3.2.0.jar:/Users/rediana/.m2/repository/org/springframework/boot/spring-boot-starter-logging/3.2.0/spring-boot-starter-logging-3.2.0.jar:/Users/rediana/.m2/repository/ch/qos/logback/logback-classic/1.4.11/logback-classic-1.4.11.jar:/Users/rediana/.m2/repository/ch/qos/logback/logback-core/1.4.11/logback-core-1.4.11.jar:/Users/rediana/.m2/repository/org/apache/logging/log4j/log4j-to-slf4j/2.21.1/log4j-to-slf4j-2.21.1.jar:/Users/rediana/.m2/repository/org/apache/logging/log4j/log4j-api/2.21.1/log4j-api-2.21.1.jar:/Users/rediana/.m2/repository/org/slf4j/jul-to-slf4j/2.0.9/jul-to-slf4j-2.0.9.jar:/Users/rediana/.m2/repository/jakarta/annotation/jakarta.annotation-api/2.1.1/jakarta.annotation-api-2.1.1.jar:/Users/rediana/.m2/repository/org/springframework/spring-core/6.1.1/spring-core-6.1.1.jar:/Users/rediana/.m2/repository/org/springframework/spring-jcl/6.1.1/spring-jcl-6.1.1.jar:/Users/rediana/.m2/repository/org/yaml/snakeyaml/2.2/snakeyaml-2.2.jar:/Users/rediana/.m2/repository/org/springframework/boot/spring-boot-starter-data-jpa/3.2.0/spring-boot-starter-data-jpa-3.2.0.jar:/Users/rediana/.m2/repository/org/springframework/boot/spring-boot-starter-aop/3.2.0/spring-boot-starter-aop-3.2.0.jar:/Users/rediana/.m2/repository/org/springframework/spring-aop/6.1.1/spring-aop-6.1.1.jar:/Users/rediana/.m2/repository/org/aspectj/aspectjweaver/1.9.20.1/aspectjweaver-1.9.20.1.jar:/Users/rediana/.m2/repository/org/springframework/boot/spring-boot-starter-jdbc/3.2.0/spring-boot-starter-jdbc-3.2.0.jar:/Users/rediana/.m2/repository/com/zaxxer/HikariCP/5.0.1/HikariCP-5.0.1.jar:/Users/rediana/.m2/repository/org/springframework/spring-jdbc/6.1.1/spring-jdbc-6.1.1.jar:/Users/rediana/.m2/repository/org/hibernate/orm/hibernate-core/6.3.1.Final/hibernate-core-6.3.1.Final.jar:/Users/rediana/.m2/repository/jakarta/persistence/jakarta.persistence-api/3.1.0/jakarta.persistence-api-3.1.0.jar:/Users/rediana/.m2/repository/jakarta/transaction/jakarta.transaction-api/2.0.1/jakarta.transaction-api-2.0.1.jar:/Users/rediana/.m2/repository/org/jboss/logging/jboss-logging/3.5.3.Final/jboss-logging-3.5.3.Final.jar:/Users/rediana/.m2/repository/org/hibernate/common/hibernate-commons-annotations/6.0.6.Final/hibernate-commons-annotations-6.0.6.Final.jar:/Users/rediana/.m2/repository/io/smallrye/jandex/3.1.2/jandex-3.1.2.jar:/Users/rediana/.m2/repository/com/fasterxml/classmate/1.6.0/classmate-1.6.0.jar:/Users/rediana/.m2/repository/org/glassfish/jaxb/jaxb-runtime/4.0.4/jaxb-runtime-4.0.4.jar:/Users/rediana/.m2/repository/org/glassfish/jaxb/jaxb-core/4.0.4/jaxb-core-4.0.4.jar:/Users/rediana/.m2/repository/org/eclipse/angus/angus-activation/2.0.1/angus-activation-2.0.1.jar:/Users/rediana/.m2/repository/org/glassfish/jaxb/txw2/4.0.4/txw2-4.0.4.jar:/Users/rediana/.m2/repository/com/sun/istack/istack-commons-runtime/4.1.2/istack-commons-runtime-4.1.2.jar:/Users/rediana/.m2/repository/jakarta/inject/jakarta.inject-api/2.0.1/jakarta.inject-api-2.0.1.jar:/Users/rediana/.m2/repository/org/antlr/antlr4-runtime/4.10.1/antlr4-runtime-4.10.1.jar:/Users/rediana/.m2/repository/org/springframework/data/spring-data-jpa/3.2.0/spring-data-jpa-3.2.0.jar:/Users/rediana/.m2/repository/org/springframework/data/spring-data-commons/3.2.0/spring-data-commons-3.2.0.jar:/Users/rediana/.m2/repository/org/springframework/spring-orm/6.1.1/spring-orm-6.1.1.jar:/Users/rediana/.m2/repository/org/springframework/spring-tx/6.1.1/spring-tx-6.1.1.jar:/Users/rediana/.m2/repository/org/springframework/spring-beans/6.1.1/spring-beans-6.1.1.jar:/Users/rediana/.m2/repository/org/slf4j/slf4j-api/2.0.9/slf4j-api-2.0.9.jar:/Users/rediana/.m2/repository/org/springframework/spring-aspects/6.1.1/spring-aspects-6.1.1.jar:/Users/rediana/.m2/repository/org/springframework/boot/spring-boot-starter-web/3.2.0/spring-boot-starter-web-3.2.0.jar:/Users/rediana/.m2/repository/org/springframework/boot/spring-boot-starter-json/3.2.0/spring-boot-starter-json-3.2.0.jar:/Users/rediana/.m2/repository/com/fasterxml/jackson/datatype/jackson-datatype-jdk8/2.15.3/jackson-datatype-jdk8-2.15.3.jar:/Users/rediana/.m2/repository/com/fasterxml/jackson/datatype/jackson-datatype-jsr310/2.15.3/jackson-datatype-jsr310-2.15.3.jar:/Users/rediana/.m2/repository/com/fasterxml/jackson/module/jackson-module-parameter-names/2.15.3/jackson-module-parameter-names-2.15.3.jar:/Users/rediana/.m2/repository/org/springframework/boot/spring-boot-starter-tomcat/3.2.0/spring-boot-starter-tomcat-3.2.0.jar:/Users/rediana/.m2/repository/org/apache/tomcat/embed/tomcat-embed-core/10.1.16/tomcat-embed-core-10.1.16.jar:/Users/rediana/.m2/repository/org/apache/tomcat/embed/tomcat-embed-websocket/10.1.16/tomcat-embed-websocket-10.1.16.jar:/Users/rediana/.m2/repository/org/springframework/spring-web/6.1.1/spring-web-6.1.1.jar:/Users/rediana/.m2/repository/io/micrometer/micrometer-observation/1.12.0/micrometer-observation-1.12.0.jar:/Users/rediana/.m2/repository/io/micrometer/micrometer-commons/1.12.0/micrometer-commons-1.12.0.jar:/Users/rediana/.m2/repository/org/springframework/spring-webmvc/6.1.1/spring-webmvc-6.1.1.jar:/Users/rediana/.m2/repository/org/springframework/spring-expression/6.1.1/spring-expression-6.1.1.jar:/Users/rediana/.m2/repository/org/springframework/boot/spring-boot-starter-validation/3.2.0/spring-boot-starter-validation-3.2.0.jar:/Users/rediana/.m2/repository/org/apache/tomcat/embed/tomcat-embed-el/10.1.16/tomcat-embed-el-10.1.16.jar:/Users/rediana/.m2/repository/org/hibernate/validator/hibernate-validator/8.0.1.Final/hibernate-validator-8.0.1.Final.jar:/Users/rediana/.m2/repository/jakarta/validation/jakarta.validation-api/3.0.2/jakarta.validation-api-3.0.2.jar:/Users/rediana/.m2/repository/org/postgresql/postgresql/42.6.0/postgresql-42.6.0.jar:/Users/rediana/.m2/repository/org/checkerframework/checker-qual/3.31.0/checker-qual-3.31.0.jar:/Users/rediana/.m2/repository/org/projectlombok/lombok/1.18.30/lombok-1.18.30.jar:/Users/rediana/.m2/repository/org/springframework/cloud/spring-cloud-contract-verifier/4.1.1/spring-cloud-contract-verifier-4.1.1.jar:/Users/rediana/.m2/repository/org/springframework/cloud/spring-cloud-contract-spec/4.1.1/spring-cloud-contract-spec-4.1.1.jar:/Users/rediana/.m2/repository/org/springframework/cloud/spring-cloud-contract-spec-java/4.1.1/spring-cloud-contract-spec-java-4.1.1.jar:/Users/rediana/.m2/repository/dk/brics/automaton/1.12-4/automaton-1.12-4.jar:/Users/rediana/.m2/repository/org/springframework/cloud/spring-cloud-contract-spec-groovy/4.1.1/spring-cloud-contract-spec-groovy-4.1.1.jar:/Users/rediana/.m2/repository/org/springframework/cloud/spring-cloud-contract-shade/4.1.1/spring-cloud-contract-shade-4.1.1.jar:/Users/rediana/.m2/repository/org/springframework/boot/spring-boot-test-autoconfigure/3.2.0/spring-boot-test-autoconfigure-3.2.0.jar:/Users/rediana/.m2/repository/com/fasterxml/jackson/core/jackson-databind/2.15.3/jackson-databind-2.15.3.jar:/Users/rediana/.m2/repository/com/fasterxml/jackson/core/jackson-annotations/2.15.3/jackson-annotations-2.15.3.jar:/Users/rediana/.m2/repository/com/fasterxml/jackson/core/jackson-core/2.15.3/jackson-core-2.15.3.jar:/Users/rediana/.m2/repository/org/apache/commons/commons-text/1.11.0/commons-text-1.11.0.jar:/Users/rediana/.m2/repository/org/apache/commons/commons-lang3/3.13.0/commons-lang3-3.13.0.jar:/Users/rediana/.m2/repository/javax/inject/javax.inject/1/javax.inject-1.jar:/Users/rediana/.m2/repository/com/github/tomakehurst/wiremock-jre8-standalone/2.35.1/wiremock-jre8-standalone-2.35.1.jar:/Users/rediana/.m2/repository/com/toomuchcoding/jsonassert/jsonassert/0.8.0/jsonassert-0.8.0.jar:/Users/rediana/.m2/repository/org/apache/maven/resolver/maven-resolver-api/1.9.18/maven-resolver-api-1.9.18.jar:/Users/rediana/.m2/repository/com/rackspace/eclipse/webtools/sourceediting/org.eclipse.wst.xml.xpath2.processor/2.1.100/org.eclipse.wst.xml.xpath2.processor-2.1.100.jar:/Users/rediana/.m2/repository/edu/princeton/cup/java-cup/10k/java-cup-10k.jar:/Users/rediana/.m2/repository/com/ibm/icu/icu4j/4.6/icu4j-4.6.jar:/Users/rediana/.m2/repository/org/apache/groovy/groovy/4.0.15/groovy-4.0.15.jar:/Users/rediana/.m2/repository/org/apache/groovy/groovy-nio/4.0.15/groovy-nio-4.0.15.jar:/Users/rediana/.m2/repository/org/apache/groovy/groovy-json/4.0.15/groovy-json-4.0.15.jar:/Users/rediana/.m2/repository/org/apache/groovy/groovy-xml/4.0.15/groovy-xml-4.0.15.jar:/Users/rediana/.m2/repository/org/skyscreamer/jsonassert/1.5.1/jsonassert-1.5.1.jar:/Users/rediana/.m2/repository/com/vaadin/external/google/android-json/0.0.20131108.vaadin1/android-json-0.0.20131108.vaadin1.jar:/Users/rediana/.m2/repository/com/github/jknack/handlebars/4.3.1/handlebars-4.3.1.jar:/Users/rediana/.m2/repository/commons-beanutils/commons-beanutils/1.9.4/commons-beanutils-1.9.4.jar:/Users/rediana/.m2/repository/commons-logging/commons-logging/1.2/commons-logging-1.2.jar:/Users/rediana/.m2/repository/commons-collections/commons-collections/3.2.2/commons-collections-3.2.2.jar:/Users/rediana/.m2/repository/com/fasterxml/jackson/dataformat/jackson-dataformat-yaml/2.15.3/jackson-dataformat-yaml-2.15.3.jar:/Users/rediana/.m2/repository/org/mockito/mockito-core/5.7.0/mockito-core-5.7.0.jar:/Users/rediana/.m2/repository/net/bytebuddy/byte-buddy-agent/1.14.10/byte-buddy-agent-1.14.10.jar:/Users/rediana/.m2/repository/org/objenesis/objenesis/3.3/objenesis-3.3.jar:/Users/rediana/.m2/repository/net/javacrumbs/json-unit/json-unit-assertj/2.38.0/json-unit-assertj-2.38.0.jar:/Users/rediana/.m2/repository/net/javacrumbs/json-unit/json-unit-core/2.38.0/json-unit-core-2.38.0.jar:/Users/rediana/.m2/repository/net/javacrumbs/json-unit/json-unit-json-path/2.38.0/json-unit-json-path-2.38.0.jar:/Users/rediana/.m2/repository/org/junit/jupiter/junit-jupiter-api/5.10.1/junit-jupiter-api-5.10.1.jar:/Users/rediana/.m2/repository/org/opentest4j/opentest4j/1.3.0/opentest4j-1.3.0.jar:/Users/rediana/.m2/repository/org/junit/platform/junit-platform-commons/1.10.1/junit-platform-commons-1.10.1.jar:/Users/rediana/.m2/repository/junit/junit/4.13.1/junit-4.13.1.jar:/Users/rediana/.m2/repository/org/hamcrest/hamcrest-core/2.2/hamcrest-core-2.2.jar:/Users/rediana/.m2/repository/org/assertj/assertj-core/3.24.2/assertj-core-3.24.2.jar:/Users/rediana/.m2/repository/net/bytebuddy/byte-buddy/1.14.10/byte-buddy-1.14.10.jar:/Users/rediana/.m2/repository/jakarta/xml/bind/jakarta.xml.bind-api/4.0.0/jakarta.xml.bind-api-4.0.0.jar:/Users/rediana/.m2/repository/jakarta/activation/jakarta.activation-api/2.1.2/jakarta.activation-api-2.1.2.jar:/Users/rediana/.m2/repository/io/rest-assured/spring-mock-mvc/5.3.2/spring-mock-mvc-5.3.2.jar:/Users/rediana/.m2/repository/io/rest-assured/rest-assured/5.3.2/rest-assured-5.3.2.jar:/Users/rediana/.m2/repository/org/apache/httpcomponents/httpclient/4.5.13/httpclient-4.5.13.jar:/Users/rediana/.m2/repository/org/apache/httpcomponents/httpcore/4.4.16/httpcore-4.4.16.jar:/Users/rediana/.m2/repository/commons-codec/commons-codec/1.16.0/commons-codec-1.16.0.jar:/Users/rediana/.m2/repository/org/apache/httpcomponents/httpmime/4.5.13/httpmime-4.5.13.jar:/Users/rediana/.m2/repository/org/ccil/cowan/tagsoup/tagsoup/1.2.1/tagsoup-1.2.1.jar:/Users/rediana/.m2/repository/io/rest-assured/json-path/5.3.2/json-path-5.3.2.jar:/Users/rediana/.m2/repository/io/rest-assured/rest-assured-common/5.3.2/rest-assured-common-5.3.2.jar:/Users/rediana/.m2/repository/io/rest-assured/xml-path/5.3.2/xml-path-5.3.2.jar:/Users/rediana/.m2/repository/io/rest-assured/spring-commons/5.3.2/spring-commons-5.3.2.jar:/Users/rediana/.m2/repository/org/springframework/spring-test/6.1.1/spring-test-6.1.1.jar:/Users/rediana/.m2/repository/org/springframework/boot/spring-boot-starter-test/3.2.0/spring-boot-starter-test-3.2.0.jar:/Users/rediana/.m2/repository/org/springframework/boot/spring-boot-test/3.2.0/spring-boot-test-3.2.0.jar:/Users/rediana/.m2/repository/com/jayway/jsonpath/json-path/2.8.0/json-path-2.8.0.jar:/Users/rediana/.m2/repository/net/minidev/json-smart/2.5.0/json-smart-2.5.0.jar:/Users/rediana/.m2/repository/net/minidev/accessors-smart/2.5.0/accessors-smart-2.5.0.jar:/Users/rediana/.m2/repository/org/ow2/asm/asm/9.3/asm-9.3.jar:/Users/rediana/.m2/repository/org/awaitility/awaitility/4.2.0/awaitility-4.2.0.jar:/Users/rediana/.m2/repository/org/hamcrest/hamcrest/2.2/hamcrest-2.2.jar:/Users/rediana/.m2/repository/org/junit/jupiter/junit-jupiter/5.10.1/junit-jupiter-5.10.1.jar:/Users/rediana/.m2/repository/org/junit/jupiter/junit-jupiter-params/5.10.1/junit-jupiter-params-5.10.1.jar:/Users/rediana/.m2/repository/org/mockito/mockito-junit-jupiter/5.7.0/mockito-junit-jupiter-5.7.0.jar:/Users/rediana/.m2/repository/org/xmlunit/xmlunit-core/2.9.1/xmlunit-core-2.9.1.jar:/Users/rediana/.m2/repository/org/junit/jupiter/junit-jupiter-engine/5.10.1/junit-jupiter-engine-5.10.1.jar:/Users/rediana/.m2/repository/org/junit/platform/junit-platform-engine/1.10.1/junit-platform-engine-1.10.1.jar:/Users/rediana/.m2/repository/org/apiguardian/apiguardian-api/1.1.2/apiguardian-api-1.1.2.jar:/Users/rediana/.m2/repository/org/springframework/cloud/spring-cloud-starter-contract-stub-runner/4.1.1/spring-cloud-starter-contract-stub-runner-4.1.1.jar:/Users/rediana/.m2/repository/org/springframework/cloud/spring-cloud-contract-stub-runner/4.1.1/spring-cloud-contract-stub-runner-4.1.1.jar:/Users/rediana/.m2/repository/org/springframework/cloud/spring-cloud-contract-converters/4.1.1/spring-cloud-contract-converters-4.1.1.jar:/Users/rediana/.m2/repository/org/eclipse/jgit/org.eclipse.jgit/6.7.0.202309050840-r/org.eclipse.jgit-6.7.0.202309050840-r.jar:/Users/rediana/.m2/repository/com/googlecode/javaewah/JavaEWAH/1.2.3/JavaEWAH-1.2.3.jar:/Users/rediana/.m2/repository/org/eclipse/jgit/org.eclipse.jgit.ssh.jsch/6.7.0.202309050840-r/org.eclipse.jgit.ssh.jsch-6.7.0.202309050840-r.jar:/Users/rediana/.m2/repository/com/jcraft/jsch/0.1.55/jsch-0.1.55.jar:/Users/rediana/.m2/repository/com/jcraft/jzlib/1.1.3/jzlib-1.1.3.jar:/Users/rediana/.m2/repository/com/jcraft/jsch.agentproxy.sshagent/0.0.9/jsch.agentproxy.sshagent-0.0.9.jar:/Users/rediana/.m2/repository/com/jcraft/jsch.agentproxy.core/0.0.9/jsch.agentproxy.core-0.0.9.jar:/Users/rediana/.m2/repository/com/jcraft/jsch.agentproxy.jsch/0.0.9/jsch.agentproxy.jsch-0.0.9.jar:/Users/rediana/.m2/repository/com/jcraft/jsch.agentproxy.usocket-jna/0.0.9/jsch.agentproxy.usocket-jna-0.0.9.jar:/Users/rediana/.m2/repository/net/java/dev/jna/jna/4.1.0/jna-4.1.0.jar:/Users/rediana/.m2/repository/net/java/dev/jna/jna-platform/4.1.0/jna-platform-4.1.0.jar:/Users/rediana/.m2/repository/org/springframework/cloud/spring-cloud-contract-wiremock/4.1.1/spring-cloud-contract-wiremock-4.1.1.jar:/Users/rediana/.m2/repository/org/apache/httpcomponents/client5/httpclient5/5.2.1/httpclient5-5.2.1.jar:/Users/rediana/.m2/repository/org/apache/httpcomponents/core5/httpcore5/5.2.3/httpcore5-5.2.3.jar:/Users/rediana/.m2/repository/org/apache/httpcomponents/core5/httpcore5-h2/5.2.3/httpcore5-h2-5.2.3.jar:/Users/rediana/.m2/repository/org/springframework/cloud/spring-cloud-test-support/4.1.0/spring-cloud-test-support-4.1.0.jar:/Users/rediana/.m2/repository/org/apache/maven/resolver/maven-resolver-connector-basic/1.9.16/maven-resolver-connector-basic-1.9.16.jar:/Users/rediana/.m2/repository/org/apache/maven/resolver/maven-resolver-spi/1.9.16/maven-resolver-spi-1.9.16.jar:/Users/rediana/.m2/repository/org/apache/maven/resolver/maven-resolver-util/1.9.16/maven-resolver-util-1.9.16.jar:/Users/rediana/.m2/repository/org/apache/maven/resolver/maven-resolver-impl/1.9.16/maven-resolver-impl-1.9.16.jar:/Users/rediana/.m2/repository/org/apache/maven/resolver/maven-resolver-named-locks/1.9.16/maven-resolver-named-locks-1.9.16.jar:/Users/rediana/.m2/repository/org/apache/maven/maven-resolver-provider/3.9.5/maven-resolver-provider-3.9.5.jar:/Users/rediana/.m2/repository/org/apache/maven/maven-model/3.9.5/maven-model-3.9.5.jar:/Users/rediana/.m2/repository/org/apache/maven/maven-model-builder/3.9.5/maven-model-builder-3.9.5.jar:/Users/rediana/.m2/repository/org/codehaus/plexus/plexus-interpolation/1.26/plexus-interpolation-1.26.jar:/Users/rediana/.m2/repository/org/apache/maven/maven-artifact/3.9.5/maven-artifact-3.9.5.jar:/Users/rediana/.m2/repository/org/apache/maven/maven-builder-support/3.9.5/maven-builder-support-3.9.5.jar:/Users/rediana/.m2/repository/org/apache/maven/maven-repository-metadata/3.9.5/maven-repository-metadata-3.9.5.jar:/Users/rediana/.m2/repository/org/apache/maven/resolver/maven-resolver-transport-http/1.9.16/maven-resolver-transport-http-1.9.16.jar:/Users/rediana/.m2/repository/org/sonatype/sisu/sisu-inject-plexus/2.6.0/sisu-inject-plexus-2.6.0.jar:/Users/rediana/.m2/repository/org/codehaus/plexus/plexus-component-annotations/1.5.5/plexus-component-annotations-1.5.5.jar:/Users/rediana/.m2/repository/org/codehaus/plexus/plexus-classworlds/2.5.2/plexus-classworlds-2.5.2.jar:/Users/rediana/.m2/repository/org/codehaus/plexus/plexus-utils/3.0.18/plexus-utils-3.0.18.jar:/Users/rediana/.m2/repository/org/sonatype/sisu/sisu-inject-bean/2.6.0/sisu-inject-bean-2.6.0.jar:/Users/rediana/.m2/repository/javax/enterprise/cdi-api/1.0/cdi-api-1.0.jar:/Users/rediana/.m2/repository/javax/annotation/jsr250-api/1.0/jsr250-api-1.0.jar:/Users/rediana/.m2/repository/org/sonatype/sisu/sisu-guice/3.2.5/sisu-guice-3.2.5-no_aop.jar:/Users/rediana/.m2/repository/com/google/guava/guava/16.0.1/guava-16.0.1.jar:/Users/rediana/.m2/repository/org/eclipse/sisu/org.eclipse.sisu.inject/0.3.0/org.eclipse.sisu.inject-0.3.0.jar:/Users/rediana/.m2/repository/org/eclipse/sisu/org.eclipse.sisu.plexus/0.3.0/org.eclipse.sisu.plexus-0.3.0.jar:"/>
    <property name="sun.cpu.endian" value="little"/>
    <property name="user.home" value="/Users/rediana"/>
    <property name="user.language" value="zh"/>
    <property name="java.specification.vendor" value="Oracle Corporation"/>
    <property name="java.version.date" value="2024-01-16"/>
    <property name="java.home" value="/Users/rediana/Library/Java/JavaVirtualMachines/azul-17.0.10/Contents/Home"/>
    <property name="file.separator" value="/"/>
    <property name="basedir" value="/Users/rediana/Project/petclinic-microservice/medicine-microservice"/>
    <property name="java.vm.compressedOopsMode" value="Zero based"/>
    <property name="line.separator" value="&#10;"/>
    <property name="java.vm.specification.vendor" value="Oracle Corporation"/>
    <property name="java.specification.name" value="Java Platform API Specification"/>
    <property name="FILE_LOG_CHARSET" value="UTF-8"/>
    <property name="java.awt.headless" value="true"/>
    <property name="surefire.real.class.path" value="/Users/rediana/Project/petclinic-microservice/medicine-microservice/target/surefire/surefirebooter-20240409104415811_3.jar"/>
    <property name="user.script" value="Hant"/>
    <property name="sun.management.compiler" value="HotSpot 64-Bit Tiered Compilers"/>
    <property name="ftp.nonProxyHosts" value="local|*.local|169.254/16|*.169.254/16"/>
    <property name="java.runtime.version" value="17.0.10+7-LTS"/>
    <property name="user.name" value="rediana"/>
    <property name="path.separator" value=":"/>
    <property name="os.version" value="14.4.1"/>
    <property name="java.runtime.name" value="OpenJDK Runtime Environment"/>
    <property name="file.encoding" value="UTF-8"/>
    <property name="java.vm.name" value="OpenJDK 64-Bit Server VM"/>
    <property name="java.vendor.version" value="Zulu17.48+15-CA"/>
    <property name="localRepository" value="/Users/rediana/.m2/repository"/>
    <property name="javax.xml.xpath.XPathFactory:http://java.sun.com/jaxp/xpath/dom" value="com.sun.org.apache.xpath.internal.jaxp.XPathFactoryImpl"/>
    <property name="java.vendor.url.bug" value="http://www.azul.com/support/"/>
    <property name="jetty.git.hash" value="4231a3b2e4cb8548a412a789936d640a97b1aa0a"/>
    <property name="java.io.tmpdir" value="/var/folders/bd/lgl244492mn6hgm7k6jjgyd40000gn/T/"/>
    <property name="wiremock.org.eclipse.jetty.http.HttpGenerator.STRICT" value="true"/>
    <property name="idea.version" value="2023.2.6"/>
    <property name="com.zaxxer.hikari.pool_number" value="1"/>
    <property name="java.version" value="17.0.10"/>
    <property name="user.dir" value="/Users/rediana/Project/petclinic-microservice/medicine-microservice"/>
    <property name="os.arch" value="x86_64"/>
    <property name="java.vm.specification.name" value="Java Virtual Machine Specification"/>
    <property name="PID" value="21424"/>
    <property name="CONSOLE_LOG_CHARSET" value="UTF-8"/>
    <property name="native.encoding" value="UTF-8"/>
    <property name="java.library.path" value="/Users/rediana/Library/Java/Extensions:/Library/Java/Extensions:/Network/Library/Java/Extensions:/System/Library/Java/Extensions:/usr/lib/java:."/>
    <property name="java.vm.info" value="mixed mode, sharing"/>
    <property name="java.vendor" value="Azul Systems, Inc."/>
    <property name="java.vm.version" value="17.0.10+7-LTS"/>
    <property name="sun.io.unicode.encoding" value="UnicodeBig"/>
    <property name="javax.xml.transform.TransformerFactory" value="com.sun.org.apache.xalan.internal.xsltc.trax.TransformerFactoryImpl"/>
    <property name="socksNonProxyHosts" value="local|*.local|169.254/16|*.169.254/16"/>
    <property name="java.class.version" value="61.0"/>
  </properties>
  <testcase name="validate_deleteMedicine" classname="org.springframework.cloud.contract.verifier.tests.ContractVerifierTest" time="0.584">
    <system-out><![CDATA[
  .   ____          _            __ _ _
 /\\ / ___'_ __ _ _(_)_ __  __ _ \ \ \ \
( ( )\___ | '_ | '_| | '_ \/ _` | \ \ \ \
 \\/  ___)| |_)| | | | | || (_| |  ) ) ) )
  '  |____| .__|_| |_|_| |_\__, | / / / /
 =========|_|==============|___/=/_/_/_/
 :: Spring Boot ::                (v3.2.0)

2024-04-09T10:44:16.527+08:00  INFO 21424 --- [           main] o.s.c.c.v.tests.ContractVerifierTest     : Starting ContractVerifierTest using Java 17.0.10 with PID 21424 (started by rediana in /Users/rediana/Project/petclinic-microservice/medicine-microservice)
2024-04-09T10:44:16.528+08:00  INFO 21424 --- [           main] o.s.c.c.v.tests.ContractVerifierTest     : No active profile set, falling back to 1 default profile: "default"
2024-04-09T10:44:16.990+08:00  INFO 21424 --- [           main] .s.d.r.c.RepositoryConfigurationDelegate : Bootstrapping Spring Data JPA repositories in DEFAULT mode.
2024-04-09T10:44:17.022+08:00  INFO 21424 --- [           main] .s.d.r.c.RepositoryConfigurationDelegate : Finished Spring Data repository scanning in 26 ms. Found 1 JPA repository interface.
2024-04-09T10:44:17.189+08:00  WARN 21424 --- [           main] trationDelegate$BeanPostProcessorChecker : Bean 'org.springframework.cloud.contract.stubrunner.spring.StubRunnerConfiguration' of type [org.springframework.cloud.contract.stubrunner.spring.StubRunnerConfiguration] is not eligible for getting processed by all BeanPostProcessors (for example: not eligible for auto-proxying). The currently created BeanPostProcessor [batchStubRunnerBeanPostProcessor] is declared through a non-static factory method on that class; consider declaring it as static instead.
2024-04-09T10:44:17.199+08:00  WARN 21424 --- [           main] trationDelegate$BeanPostProcessorChecker : Bean 'stubrunner-org.springframework.cloud.contract.stubrunner.spring.StubRunnerProperties' of type [org.springframework.cloud.contract.stubrunner.spring.StubRunnerProperties] is not eligible for getting processed by all BeanPostProcessors (for example: not eligible for auto-proxying). Is this bean getting eagerly injected into a currently created BeanPostProcessor [batchStubRunnerBeanPostProcessor]? Check the corresponding BeanPostProcessor declaration and its dependencies.
2024-04-09T10:44:17.203+08:00  INFO 21424 --- [           main] o.s.c.c.s.AetherStubDownloaderBuilder    : Will download stubs and contracts via Aether
2024-04-09T10:44:17.217+08:00  INFO 21424 --- [           main] o.s.c.c.stubrunner.AetherStubDownloader  : Remote repos not passed but the switch to work offline was set. Stubs will be used from your local Maven repository.
2024-04-09T10:44:22.267+08:00  INFO 21424 --- [           main] o.s.c.c.stubrunner.AetherStubDownloader  : Desired version is [+] - will try to resolve the latest version
2024-04-09T10:44:22.277+08:00  INFO 21424 --- [           main] o.s.c.c.stubrunner.AetherStubDownloader  : Resolved version is [0.0.1-SNAPSHOT]
2024-04-09T10:44:22.283+08:00  INFO 21424 --- [           main] o.s.c.c.stubrunner.AetherStubDownloader  : Resolved artifact [nl.nl0e0:consultation-microservice:jar:stubs:0.0.1-SNAPSHOT] to /Users/rediana/.m2/repository/nl/nl0e0/consultation-microservice/0.0.1-SNAPSHOT/consultation-microservice-0.0.1-SNAPSHOT-stubs.jar
2024-04-09T10:44:22.285+08:00  INFO 21424 --- [           main] o.s.c.c.stubrunner.AetherStubDownloader  : Unpacking stub from JAR [URI: file:/Users/rediana/.m2/repository/nl/nl0e0/consultation-microservice/0.0.1-SNAPSHOT/consultation-microservice-0.0.1-SNAPSHOT-stubs.jar]
2024-04-09T10:44:22.288+08:00  INFO 21424 --- [           main] o.s.c.c.stubrunner.AetherStubDownloader  : Unpacked file to [/var/folders/bd/lgl244492mn6hgm7k6jjgyd40000gn/T/contracts-1712630662284-0]
2024-04-09T10:44:22.801+08:00  INFO 21424 --- [           main] o.s.c.c.s.AetherStubDownloaderBuilder    : Will download stubs and contracts via Aether
2024-04-09T10:44:22.801+08:00  INFO 21424 --- [           main] o.s.c.c.stubrunner.AetherStubDownloader  : Remote repos not passed but the switch to work offline was set. Stubs will be used from your local Maven repository.
2024-04-09T10:44:22.802+08:00  INFO 21424 --- [           main] o.s.c.c.stubrunner.AetherStubDownloader  : Desired version is [+] - will try to resolve the latest version
2024-04-09T10:44:22.802+08:00  INFO 21424 --- [           main] o.s.c.c.stubrunner.AetherStubDownloader  : Resolved version is [0.0.1-SNAPSHOT]
2024-04-09T10:44:22.803+08:00  INFO 21424 --- [           main] o.s.c.c.stubrunner.AetherStubDownloader  : Resolved artifact [nl.nl0e0:payment-microservice:jar:stubs:0.0.1-SNAPSHOT] to /Users/rediana/.m2/repository/nl/nl0e0/payment-microservice/0.0.1-SNAPSHOT/payment-microservice-0.0.1-SNAPSHOT-stubs.jar
2024-04-09T10:44:22.803+08:00  INFO 21424 --- [           main] o.s.c.c.stubrunner.AetherStubDownloader  : Unpacking stub from JAR [URI: file:/Users/rediana/.m2/repository/nl/nl0e0/payment-microservice/0.0.1-SNAPSHOT/payment-microservice-0.0.1-SNAPSHOT-stubs.jar]
2024-04-09T10:44:22.805+08:00  INFO 21424 --- [           main] o.s.c.c.stubrunner.AetherStubDownloader  : Unpacked file to [/var/folders/bd/lgl244492mn6hgm7k6jjgyd40000gn/T/contracts-1712630662803-0]
2024-04-09T10:44:22.835+08:00  INFO 21424 --- [           main] o.s.c.c.s.AetherStubDownloaderBuilder    : Will download stubs and contracts via Aether
2024-04-09T10:44:22.836+08:00  INFO 21424 --- [           main] o.s.c.c.stubrunner.AetherStubDownloader  : Remote repos not passed but the switch to work offline was set. Stubs will be used from your local Maven repository.
2024-04-09T10:44:22.836+08:00  INFO 21424 --- [           main] o.s.c.c.stubrunner.AetherStubDownloader  : Desired version is [+] - will try to resolve the latest version
2024-04-09T10:44:22.837+08:00  INFO 21424 --- [           main] o.s.c.c.stubrunner.AetherStubDownloader  : Resolved version is [0.0.1-SNAPSHOT]
2024-04-09T10:44:22.838+08:00  INFO 21424 --- [           main] o.s.c.c.stubrunner.AetherStubDownloader  : Resolved artifact [nl.nl0e0:appointment-microservice:jar:stubs:0.0.1-SNAPSHOT] to /Users/rediana/.m2/repository/nl/nl0e0/appointment-microservice/0.0.1-SNAPSHOT/appointment-microservice-0.0.1-SNAPSHOT-stubs.jar
2024-04-09T10:44:22.838+08:00  INFO 21424 --- [           main] o.s.c.c.stubrunner.AetherStubDownloader  : Unpacking stub from JAR [URI: file:/Users/rediana/.m2/repository/nl/nl0e0/appointment-microservice/0.0.1-SNAPSHOT/appointment-microservice-0.0.1-SNAPSHOT-stubs.jar]
2024-04-09T10:44:22.840+08:00  INFO 21424 --- [           main] o.s.c.c.stubrunner.AetherStubDownloader  : Unpacked file to [/var/folders/bd/lgl244492mn6hgm7k6jjgyd40000gn/T/contracts-1712630662838-0]
2024-04-09T10:44:23.249+08:00  INFO 21424 --- [tp2040956503-43] WireMock                                 : Admin request received:
127.0.0.1 - POST /mappings

Host: []
Content-Length: [225]
Content-Type: [text/plain; charset=UTF-8]
Connection: [keep-alive]
User-Agent: [Apache-HttpClient/5.1.3 (Java/17.0.10)]
{
  "id" : "1c17465a-70d9-4a60-b600-58dd00cacddd",
  "request" : {
    "url" : "/ping",
    "method" : "GET"
  },
  "response" : {
    "status" : 200,
    "body" : "OK"
  },
  "uuid" : "1c17465a-70d9-4a60-b600-58dd00cacddd"
}

2024-04-09T10:44:23.264+08:00  INFO 21424 --- [tp2040956503-36] WireMock                                 : Admin request received:
127.0.0.1 - POST /mappings

Host: []
Content-Length: [227]
Content-Type: [text/plain; charset=UTF-8]
Connection: [keep-alive]
User-Agent: [Apache-HttpClient/5.1.3 (Java/17.0.10)]
{
  "id" : "ef00ec57-f2d8-498f-8a5e-7c63aeec5a8a",
  "request" : {
    "url" : "/health",
    "method" : "GET"
  },
  "response" : {
    "status" : 200,
    "body" : "OK"
  },
  "uuid" : "ef00ec57-f2d8-498f-8a5e-7c63aeec5a8a"
}

2024-04-09T10:44:23.267+08:00  INFO 21424 --- [tp2040956503-42] WireMock                                 : Admin request received:
127.0.0.1 - POST /mappings

Host: []
Content-Length: [304]
Content-Type: [text/plain; charset=UTF-8]
Connection: [keep-alive]
User-Agent: [Apache-HttpClient/5.1.3 (Java/17.0.10)]
{
  "id" : "787bc333-257d-4f4e-8fd9-f1efcda2a15b",
  "request" : {
    "url" : "/appointment/deleteConsultation",
    "method" : "POST"
  },
  "response" : {
    "status" : 200,
    "transformers" : [ "response-template", "spring-cloud-contract" ]
  },
  "uuid" : "787bc333-257d-4f4e-8fd9-f1efcda2a15b"
}

2024-04-09T10:44:23.270+08:00  INFO 21424 --- [tp2040956503-45] WireMock                                 : Admin request received:
127.0.0.1 - POST /mappings

Host: []
Content-Length: [304]
Content-Type: [text/plain; charset=UTF-8]
Connection: [keep-alive]
User-Agent: [Apache-HttpClient/5.1.3 (Java/17.0.10)]
{
  "id" : "5fd9c6e6-5725-4e3f-b707-527f5913f803",
  "request" : {
    "url" : "/appointment/createConsultation",
    "method" : "POST"
  },
  "response" : {
    "status" : 201,
    "transformers" : [ "response-template", "spring-cloud-contract" ]
  },
  "uuid" : "5fd9c6e6-5725-4e3f-b707-527f5913f803"
}

2024-04-09T10:44:23.273+08:00  INFO 21424 --- [           main] o.s.c.contract.stubrunner.StubServer     : Started stub server for project [nl.nl0e0:consultation-microservice:0.0.1-SNAPSHOT:stubs] on port 8081 with [2] mappings
2024-04-09T10:44:23.274+08:00  INFO 21424 --- [           main] o.s.c.c.stubrunner.StubRunnerExecutor    : All stubs are now running RunningStubs [namesAndPorts={nl.nl0e0:consultation-microservice:0.0.1-SNAPSHOT:stubs=8081}]
2024-04-09T10:44:23.281+08:00  INFO 21424 --- [tp1588609461-54] WireMock                                 : Admin request received:
127.0.0.1 - POST /mappings

Host: []
Content-Length: [225]
Content-Type: [text/plain; charset=UTF-8]
Connection: [keep-alive]
User-Agent: [Apache-HttpClient/5.1.3 (Java/17.0.10)]
{
  "id" : "fbc3bf19-5e22-4c9a-9b2f-4828db22cf1c",
  "request" : {
    "url" : "/ping",
    "method" : "GET"
  },
  "response" : {
    "status" : 200,
    "body" : "OK"
  },
  "uuid" : "fbc3bf19-5e22-4c9a-9b2f-4828db22cf1c"
}

2024-04-09T10:44:23.283+08:00  INFO 21424 --- [tp1588609461-47] WireMock                                 : Admin request received:
127.0.0.1 - POST /mappings

Host: []
Content-Length: [227]
Content-Type: [text/plain; charset=UTF-8]
Connection: [keep-alive]
User-Agent: [Apache-HttpClient/5.1.3 (Java/17.0.10)]
{
  "id" : "a370a378-6237-41b1-8e3f-57ff4c2b7817",
  "request" : {
    "url" : "/health",
    "method" : "GET"
  },
  "response" : {
    "status" : 200,
    "body" : "OK"
  },
  "uuid" : "a370a378-6237-41b1-8e3f-57ff4c2b7817"
}

2024-04-09T10:44:23.288+08:00  INFO 21424 --- [tp1588609461-53] WireMock                                 : Admin request received:
127.0.0.1 - POST /mappings

Host: []
Content-Length: [299]
Content-Type: [text/plain; charset=UTF-8]
Connection: [keep-alive]
User-Agent: [Apache-HttpClient/5.1.3 (Java/17.0.10)]
{
  "id" : "4360b9b7-780f-4f4e-b4b9-ab848e4fe1f3",
  "request" : {
    "url" : "/appointment/deletePayment",
    "method" : "POST"
  },
  "response" : {
    "status" : 200,
    "transformers" : [ "response-template", "spring-cloud-contract" ]
  },
  "uuid" : "4360b9b7-780f-4f4e-b4b9-ab848e4fe1f3"
}

2024-04-09T10:44:23.290+08:00  INFO 21424 --- [tp1588609461-54] WireMock                                 : Admin request received:
127.0.0.1 - POST /mappings

Host: []
Content-Length: [299]
Content-Type: [text/plain; charset=UTF-8]
Connection: [keep-alive]
User-Agent: [Apache-HttpClient/5.1.3 (Java/17.0.10)]
{
  "id" : "7b25a36d-14b3-4487-9d72-90ef30a074d7",
  "request" : {
    "url" : "/appointment/createPayment",
    "method" : "POST"
  },
  "response" : {
    "status" : 201,
    "transformers" : [ "response-template", "spring-cloud-contract" ]
  },
  "uuid" : "7b25a36d-14b3-4487-9d72-90ef30a074d7"
}

2024-04-09T10:44:23.295+08:00  INFO 21424 --- [           main] o.s.c.contract.stubrunner.StubServer     : Started stub server for project [nl.nl0e0:payment-microservice:0.0.1-SNAPSHOT:stubs] on port 8082 with [2] mappings
2024-04-09T10:44:23.295+08:00  INFO 21424 --- [           main] o.s.c.c.stubrunner.StubRunnerExecutor    : All stubs are now running RunningStubs [namesAndPorts={nl.nl0e0:payment-microservice:0.0.1-SNAPSHOT:stubs=8082}]
2024-04-09T10:44:23.302+08:00  INFO 21424 --- [tp2031149831-64] WireMock                                 : Admin request received:
127.0.0.1 - POST /mappings

Host: []
Content-Length: [225]
Content-Type: [text/plain; charset=UTF-8]
Connection: [keep-alive]
User-Agent: [Apache-HttpClient/5.1.3 (Java/17.0.10)]
{
  "id" : "36183b10-b1e0-497d-9843-7c1c65f81468",
  "request" : {
    "url" : "/ping",
    "method" : "GET"
  },
  "response" : {
    "status" : 200,
    "body" : "OK"
  },
  "uuid" : "36183b10-b1e0-497d-9843-7c1c65f81468"
}

2024-04-09T10:44:23.304+08:00  INFO 21424 --- [tp2031149831-57] WireMock                                 : Admin request received:
127.0.0.1 - POST /mappings

Host: []
Content-Length: [227]
Content-Type: [text/plain; charset=UTF-8]
Connection: [keep-alive]
User-Agent: [Apache-HttpClient/5.1.3 (Java/17.0.10)]
{
  "id" : "3317d5b9-2eb1-48e8-8af2-d4229e1d0f4e",
  "request" : {
    "url" : "/health",
    "method" : "GET"
  },
  "response" : {
    "status" : 200,
    "body" : "OK"
  },
  "uuid" : "3317d5b9-2eb1-48e8-8af2-d4229e1d0f4e"
}

2024-04-09T10:44:23.310+08:00  INFO 21424 --- [tp2031149831-63] WireMock                                 : Admin request received:
127.0.0.1 - POST /mappings

Host: []
Content-Length: [706]
Content-Type: [text/plain; charset=UTF-8]
Connection: [keep-alive]
User-Agent: [Apache-HttpClient/5.1.3 (Java/17.0.10)]
{
  "id" : "145e7760-e09a-4b34-94cf-781ecf6757c0",
  "request" : {
    "url" : "/appointment/createAppointments",
    "method" : "POST",
    "headers" : {
      "Content-Type" : {
        "matches" : "application/json.*"
      }
    },
    "bodyPatterns" : [ {
      "matchesJsonPath" : "$[?(@.['ownerId'] == '1')]"
    }, {
      "matchesJsonPath" : "$[?(@.['petId'] == '2')]"
    }, {
      "matchesJsonPath" : "$[?(@.['vetId'] == '1')]"
    }, {
      "matchesJsonPath" : "$[?(@.['appointmentDate'] == '2024-03-05T21:00:00')]"
    } ]
  },
  "response" : {
    "status" : 201,
    "transformers" : [ "response-template", "spring-cloud-contract" ]
  },
  "uuid" : "145e7760-e09a-4b34-94cf-781ecf6757c0"
}

2024-04-09T10:44:23.313+08:00  INFO 21424 --- [tp2031149831-58] WireMock                                 : Admin request received:
127.0.0.1 - POST /mappings

Host: []
Content-Length: [755]
Content-Type: [text/plain; charset=UTF-8]
Connection: [keep-alive]
User-Agent: [Apache-HttpClient/5.1.3 (Java/17.0.10)]
{
  "id" : "60fdbcbe-126e-43a8-b0ca-9372fb0555ee",
  "request" : {
    "url" : "/appointment/medicalRecord/317498db-9841-408a-b01d-6f7d4d8da4fc",
    "method" : "GET"
  },
  "response" : {
    "status" : 200,
    "body" : "{\"id\":\"317498db-9841-408a-b01d-6f7d4d8da4fc\",\"ownerId\":1,\"vetId\":1,\"state\":\"init\",\"petId\":2,\"appointmentId\":\"2056e53e-72b7-4110-9afb-b219d2907dec\",\"consultationId\":\"70c3ad0c-547e-458f-901b-76c1a9dce9be\",\"paymentId\":\"2536026b-4b7b-4d1b-86c3-72214e952a23\",\"medicineId\":\"c3f865b1-4b3c-4c0a-9bc2-7c703f2ba99e\"}",
    "headers" : {
      "Content-Type" : "application/json"
    },
    "transformers" : [ "response-template", "spring-cloud-contract" ]
  },
  "uuid" : "60fdbcbe-126e-43a8-b0ca-9372fb0555ee"
}

2024-04-09T10:44:23.316+08:00  INFO 21424 --- [tp2031149831-63] WireMock                                 : Admin request received:
127.0.0.1 - POST /mappings

Host: []
Content-Length: [568]
Content-Type: [text/plain; charset=UTF-8]
Connection: [keep-alive]
User-Agent: [Apache-HttpClient/5.1.3 (Java/17.0.10)]
{
  "id" : "fa543570-1520-47d0-a855-93472b81c20f",
  "request" : {
    "url" : "/appointment/getAppointments",
    "method" : "POST",
    "headers" : {
      "Content-Type" : {
        "matches" : "application/json.*"
      }
    },
    "bodyPatterns" : [ {
      "matchesJsonPath" : "$[?(@.['firstName'] == 'George')]"
    }, {
      "matchesJsonPath" : "$[?(@.['lastName'] == 'Franklin')]"
    } ]
  },
  "response" : {
    "status" : 200,
    "transformers" : [ "response-template", "spring-cloud-contract" ]
  },
  "uuid" : "fa543570-1520-47d0-a855-93472b81c20f"
}

2024-04-09T10:44:23.317+08:00  INFO 21424 --- [           main] o.s.c.contract.stubrunner.StubServer     : Started stub server for project [nl.nl0e0:appointment-microservice:0.0.1-SNAPSHOT:stubs] on port 8080 with [3] mappings
2024-04-09T10:44:23.317+08:00  INFO 21424 --- [           main] o.s.c.c.stubrunner.StubRunnerExecutor    : All stubs are now running RunningStubs [namesAndPorts={nl.nl0e0:appointment-microservice:0.0.1-SNAPSHOT:stubs=8080}]
2024-04-09T10:44:23.317+08:00  WARN 21424 --- [           main] trationDelegate$BeanPostProcessorChecker : Bean 'batchStubRunner' of type [org.springframework.cloud.contract.stubrunner.BatchStubRunner] is not eligible for getting processed by all BeanPostProcessors (for example: not eligible for auto-proxying). Is this bean getting eagerly injected into a currently created BeanPostProcessor [batchStubRunnerBeanPostProcessor]? Check the corresponding BeanPostProcessor declaration and its dependencies.
2024-04-09T10:44:23.368+08:00  INFO 21424 --- [           main] com.zaxxer.hikari.HikariDataSource       : HikariPool-1 - Starting...
2024-04-09T10:44:23.448+08:00  INFO 21424 --- [           main] com.zaxxer.hikari.pool.HikariPool        : HikariPool-1 - Added connection org.postgresql.jdbc.PgConnection@1e09c0b
2024-04-09T10:44:23.449+08:00  INFO 21424 --- [           main] com.zaxxer.hikari.HikariDataSource       : HikariPool-1 - Start completed.
2024-04-09T10:44:23.472+08:00  INFO 21424 --- [           main] o.hibernate.jpa.internal.util.LogHelper  : HHH000204: Processing PersistenceUnitInfo [name: default]
2024-04-09T10:44:23.501+08:00  INFO 21424 --- [           main] org.hibernate.Version                    : HHH000412: Hibernate ORM core version 6.3.1.Final
2024-04-09T10:44:23.524+08:00  INFO 21424 --- [           main] o.h.c.internal.RegionFactoryInitiator    : HHH000026: Second-level cache disabled
2024-04-09T10:44:23.658+08:00  INFO 21424 --- [           main] o.s.o.j.p.SpringPersistenceUnitInfo      : No LoadTimeWeaver setup: ignoring JPA class transformer
2024-04-09T10:44:24.277+08:00  INFO 21424 --- [           main] o.h.e.t.j.p.i.JtaPlatformInitiator       : HHH000489: No JTA platform available (set 'hibernate.transaction.jta.platform' to enable JTA platform integration)
2024-04-09T10:44:24.279+08:00  INFO 21424 --- [           main] j.LocalContainerEntityManagerFactoryBean : Initialized JPA EntityManagerFactory for persistence unit 'default'
2024-04-09T10:44:24.388+08:00  INFO 21424 --- [           main] o.s.d.j.r.query.QueryEnhancerFactory     : Hibernate is in classpath; If applicable, HQL parser will be used.
2024-04-09T10:44:24.622+08:00  WARN 21424 --- [           main] JpaBaseConfiguration$JpaWebConfiguration : spring.jpa.open-in-view is enabled by default. Therefore, database queries may be performed during view rendering. Explicitly configure spring.jpa.open-in-view to disable this warning
2024-04-09T10:44:24.797+08:00  INFO 21424 --- [           main] o.s.c.c.v.m.i.ContractVerifierMessaging  : The message verifier sender implementation is of type [class org.springframework.cloud.contract.verifier.messaging.noop.NoOpStubMessages]
2024-04-09T10:44:24.798+08:00  INFO 21424 --- [           main] o.s.c.c.v.m.i.ContractVerifierMessaging  : The message verifier receiver implementation is of type [class org.springframework.cloud.contract.verifier.messaging.noop.NoOpStubMessages]
2024-04-09T10:44:24.808+08:00  INFO 21424 --- [           main] o.s.c.c.v.tests.ContractVerifierTest     : Started ContractVerifierTest in 8.413 seconds (process running for 8.947)
2024-04-09T10:44:25.224+08:00  INFO 21424 --- [           main] o.s.b.t.m.w.SpringBootMockServletContext : Initializing Spring TestDispatcherServlet ''
2024-04-09T10:44:25.224+08:00  INFO 21424 --- [           main] o.s.t.web.servlet.TestDispatcherServlet  : Initializing Servlet ''
2024-04-09T10:44:25.225+08:00  INFO 21424 --- [           main] o.s.t.web.servlet.TestDispatcherServlet  : Completed initialization in 0 ms
]]></system-out>
  </testcase>
  <testcase name="validate_contract" classname="org.springframework.cloud.contract.verifier.tests.ContractVerifierTest" time="0.032">
    <system-out><![CDATA[2024-04-09T10:44:25.405+08:00  INFO 21424 --- [           main] o.s.b.t.m.w.SpringBootMockServletContext : Initializing Spring TestDispatcherServlet ''
2024-04-09T10:44:25.405+08:00  INFO 21424 --- [           main] o.s.t.web.servlet.TestDispatcherServlet  : Initializing Servlet ''
2024-04-09T10:44:25.405+08:00  INFO 21424 --- [           main] o.s.t.web.servlet.TestDispatcherServlet  : Completed initialization in 0 ms
]]></system-out>
  </testcase>
  <testcase name="validate_setMedicine" classname="org.springframework.cloud.contract.verifier.tests.ContractVerifierTest" time="0.108">
    <system-out><![CDATA[2024-04-09T10:44:25.438+08:00  INFO 21424 --- [           main] o.s.b.t.m.w.SpringBootMockServletContext : Initializing Spring TestDispatcherServlet ''
2024-04-09T10:44:25.439+08:00  INFO 21424 --- [           main] o.s.t.web.servlet.TestDispatcherServlet  : Initializing Servlet ''
2024-04-09T10:44:25.439+08:00  INFO 21424 --- [           main] o.s.t.web.servlet.TestDispatcherServlet  : Completed initialization in 0 ms
recordId: 317498db-9841-408a-b01d-6f7d4d8da4fc
medicines: Aspirin
2024-04-09T10:44:25.474+08:00  INFO 21424 --- [tp2031149831-58] WireMock                                 : Warning: JSON path expression '$[?(@.['firstName'] == 'George')]' failed to match document 'null' because of error 'json string can not be null or empty'
2024-04-09T10:44:25.475+08:00  INFO 21424 --- [tp2031149831-58] WireMock                                 : Warning: JSON path expression '$[?(@.['lastName'] == 'Franklin')]' failed to match document 'null' because of error 'json string can not be null or empty'
2024-04-09T10:44:25.518+08:00  INFO 21424 --- [tp2031149831-58] WireMock                                 : Request received:
127.0.0.1 - GET /appointment/medicalRecord/317498db-9841-408a-b01d-6f7d4d8da4fc

Accept: [application/json, application/*+json]
User-Agent: [Java/17.0.10]
Host: [localhost:8080]
Connection: [keep-alive]



Matched response definition:
{
  "status" : 200,
  "body" : "{\"id\":\"317498db-9841-408a-b01d-6f7d4d8da4fc\",\"ownerId\":1,\"vetId\":1,\"state\":\"init\",\"petId\":2,\"appointmentId\":\"2056e53e-72b7-4110-9afb-b219d2907dec\",\"consultationId\":\"70c3ad0c-547e-458f-901b-76c1a9dce9be\",\"paymentId\":\"2536026b-4b7b-4d1b-86c3-72214e952a23\",\"medicineId\":\"c3f865b1-4b3c-4c0a-9bc2-7c703f2ba99e\"}",
  "headers" : {
    "Content-Type" : "application/json"
  },
  "transformers" : [ "response-template", "spring-cloud-contract" ]
}

Response:
HTTP/1.1 200
Content-Type: [application/json]
Matched-Stub-Id: [60fdbcbe-126e-43a8-b0ca-9372fb0555ee]

Record ID: 317498db-9841-408a-b01d-6f7d4d8da4fc
Appointment ID: 2056e53e-72b7-4110-9afb-b219d2907dec
Consultation ID: 70c3ad0c-547e-458f-901b-76c1a9dce9be
Payment ID: 70c3ad0c-547e-458f-901b-76c1a9dce9be
Medicine ID: c3f865b1-4b3c-4c0a-9bc2-7c703f2ba99e
]]></system-out>
  </testcase>
</testsuite>